  1.cpp
D:\Studia\Studia\Grafika\LAB11\GKiW_GR9_Verevkin_Valerii_lab11\Project1\1.cpp(3,31): warning C4305: "inicjowanie": obcięcie z "double" do "float"
D:\Studia\Studia\Grafika\LAB11\GKiW_GR9_Verevkin_Valerii_lab11\Project1\1.cpp(4,31): warning C4305: "inicjowanie": obcięcie z "double" do "float"
D:\Studia\Studia\Grafika\LAB11\GKiW_GR9_Verevkin_Valerii_lab11\Project1\1.cpp(5,31): warning C4305: "inicjowanie": obcięcie z "double" do "float"
D:\Studia\Studia\Grafika\LAB11\GKiW_GR9_Verevkin_Valerii_lab11\Project1\1.cpp(6,35): warning C4305: "inicjowanie": obcięcie z "double" do "float"
D:\Studia\Studia\Grafika\LAB11\GKiW_GR9_Verevkin_Valerii_lab11\Project1\1.cpp(10,22): warning C4305: "inicjowanie": obcięcie z "double" do "GLfloat"
D:\Studia\Studia\Grafika\LAB11\GKiW_GR9_Verevkin_Valerii_lab11\Project1\1.cpp(11,22): warning C4305: "inicjowanie": obcięcie z "double" do "GLfloat"
D:\Studia\Studia\Grafika\LAB11\GKiW_GR9_Verevkin_Valerii_lab11\Project1\1.cpp(12,22): warning C4305: "inicjowanie": obcięcie z "double" do "GLfloat"
D:\Studia\Studia\Grafika\LAB11\GKiW_GR9_Verevkin_Valerii_lab11\Project1\1.cpp(14,26): warning C4305: "inicjowanie": obcięcie z "double" do "GLfloat"
D:\Studia\Studia\Grafika\LAB11\GKiW_GR9_Verevkin_Valerii_lab11\Project1\1.cpp(105,28): warning C4305: "argument": obcięcie z "double" do "GLfloat"
D:\Studia\Studia\Grafika\LAB11\GKiW_GR9_Verevkin_Valerii_lab11\Project1\1.cpp(116,29): warning C4305: "argument": obcięcie z "double" do "GLfloat"
D:\Studia\Studia\Grafika\LAB11\GKiW_GR9_Verevkin_Valerii_lab11\Project1\1.cpp(134,28): warning C4305: "argument": obcięcie z "double" do "GLfloat"
D:\Studia\Studia\Grafika\LAB11\GKiW_GR9_Verevkin_Valerii_lab11\Project1\1.cpp(180,34): warning C4305: "+=": obcięcie z "double" do "float"
D:\Studia\Studia\Grafika\LAB11\GKiW_GR9_Verevkin_Valerii_lab11\Project1\1.cpp(181,34): warning C4305: "+=": obcięcie z "double" do "float"
D:\Studia\Studia\Grafika\LAB11\GKiW_GR9_Verevkin_Valerii_lab11\Project1\1.cpp(182,34): warning C4305: "+=": obcięcie z "double" do "float"
D:\Studia\Studia\Grafika\LAB11\GKiW_GR9_Verevkin_Valerii_lab11\Project1\1.cpp(183,38): warning C4305: "+=": obcięcie z "double" do "float"
D:\Studia\Studia\Grafika\LAB11\GKiW_GR9_Verevkin_Valerii_lab11\Project1\1.cpp(189,38): warning C4305: "-=": obcięcie z "double" do "float"
D:\Studia\Studia\Grafika\LAB11\GKiW_GR9_Verevkin_Valerii_lab11\Project1\1.cpp(190,38): warning C4305: "-=": obcięcie z "double" do "float"
D:\Studia\Studia\Grafika\LAB11\GKiW_GR9_Verevkin_Valerii_lab11\Project1\1.cpp(191,38): warning C4305: "-=": obcięcie z "double" do "float"
D:\Studia\Studia\Grafika\LAB11\GKiW_GR9_Verevkin_Valerii_lab11\Project1\1.cpp(192,42): warning C4305: "-=": obcięcie z "double" do "float"
  Project1.vcxproj -> D:\Studia\Studia\Grafika\LAB11\GKiW_GR9_Verevkin_Valerii_lab11\Debug\Project1.exe
